
Showing logs for build [32mcb-kubecd-bdd-gh-1568811057-mas-1[0m stage [32mmeta-pipeline[0m and container [32mstep-credential-initializer-jsck6[0m
{"level":"warn","ts":1568811617.3956287,"logger":"fallback-logger","caller":"logging/config.go:69","msg":"Fetch GitHub commit ID from kodata failed: \"ref: refs/heads/master\" is not a valid GitHub commit ID"}
{"level":"info","ts":1568811617.3962839,"logger":"fallback-logger","caller":"creds-init/main.go:40","msg":"Credentials initialized."}

Showing logs for build [32mcb-kubecd-bdd-gh-1568811057-mas-1[0m stage [32mmeta-pipeline[0m and container [32mstep-working-dir-initializer-q842n[0m
{"level":"warn","ts":1568811618.3432295,"logger":"fallback-logger","caller":"logging/config.go:69","msg":"Fetch GitHub commit ID from kodata failed: open /var/run/ko/HEAD: no such file or directory"}
{"level":"info","ts":1568811618.3473406,"logger":"fallback-logger","caller":"bash/main.go:65","msg":"Successfully executed command \"mkdir -p /workspace/source\""}

Showing logs for build [32mcb-kubecd-bdd-gh-1568811057-mas-1[0m stage [32mmeta-pipeline[0m and container [32mstep-place-tools[0m

Showing logs for build [32mcb-kubecd-bdd-gh-1568811057-mas-1[0m stage [32mmeta-pipeline[0m and container [32mstep-git-source-meta-cb-kubecd-bdd-gh-156881105-dc7sw[0m
{"level":"warn","ts":1568811624.4708664,"logger":"fallback-logger","caller":"logging/config.go:69","msg":"Fetch GitHub commit ID from kodata failed: \"ref: refs/heads/master\" is not a valid GitHub commit ID"}
{"level":"info","ts":1568811625.5513947,"logger":"fallback-logger","caller":"git/git.go:102","msg":"Successfully cloned https://github.com/cb-kubecd/bdd-gh-1568811057.git @ 4cfe07700a401bf0ef1bb849d2ee2eb92ddf5952 in path /workspace/source"}

Showing logs for build [32mcb-kubecd-bdd-gh-1568811057-mas-1[0m stage [32mmeta-pipeline[0m and container [32mstep-git-merge[0m
Using SHAs from PULL_REFS=master:4cfe07700a401bf0ef1bb849d2ee2eb92ddf5952
WARNING: no SHAs to merge, falling back to initial cloned commit

Showing logs for build [32mcb-kubecd-bdd-gh-1568811057-mas-1[0m stage [32mmeta-pipeline[0m and container [32mstep-merge-pull-refs[0m
SKIP merge-pull-refs: Nothing to merge

Showing logs for build [32mcb-kubecd-bdd-gh-1568811057-mas-1[0m stage [32mmeta-pipeline[0m and container [32mstep-create-effective-pipeline[0m
Deleting and cloning the Jenkins X versions repo
Cloning the Jenkins X versions repo https://github.com/jenkins-x/jenkins-x-versions.git with ref refs/heads/master to /builder/home/.**/jenkins-x-versions
Effective pipeline written to jenkins-x-effective.yml

Showing logs for build [32mcb-kubecd-bdd-gh-1568811057-mas-1[0m stage [32mmeta-pipeline[0m and container [32mstep-create-tekton-crds[0m
running command: echo \$(**-release-version) > VERSION

running command: ** step tag --version \$(cat VERSION)
Updating chart version in charts/bdd-gh-1568811057/Chart.yaml to 0.0.1
Updating repository in charts/bdd-gh-1568811057/values.yaml to gcr.io/jenkins-x-bdd3/bdd-gh-1568811057
Updating tag in charts/bdd-gh-1568811057/values.yaml to 0.0.1
Tag v0.0.1 created and pushed to remote origin

PipelineActivity for cb-kubecd-bdd-gh-1568811057-master-1
Applying changes 
upserted PipelineResource cb-kubecd-bdd-gh-1568811057-mas for the git repository https://github.com/cb-kubecd/bdd-gh-1568811057.git
upserted Task cb-kubecd-bdd-gh-1568811057-mas-from-build-pack-1
upserted Pipeline cb-kubecd-bdd-gh-1568811057-mas-1
created PipelineRun cb-kubecd-bdd-gh-1568811057-mas-1
created PipelineStructure cb-kubecd-bdd-gh-1568811057-mas-1

Showing logs for build [32mcb-kubecd-bdd-gh-1568811057-mas-1[0m stage [32mfrom-build-pack[0m and container [32mstep-credential-initializer-2jjwg[0m
{"level":"warn","ts":1568811638.217011,"logger":"fallback-logger","caller":"logging/config.go:69","msg":"Fetch GitHub commit ID from kodata failed: \"ref: refs/heads/master\" is not a valid GitHub commit ID"}
{"level":"info","ts":1568811638.2176504,"logger":"fallback-logger","caller":"creds-init/main.go:40","msg":"Credentials initialized."}

Showing logs for build [32mcb-kubecd-bdd-gh-1568811057-mas-1[0m stage [32mfrom-build-pack[0m and container [32mstep-working-dir-initializer-qmkp9[0m
{"level":"warn","ts":1568811639.6420996,"logger":"fallback-logger","caller":"logging/config.go:69","msg":"Fetch GitHub commit ID from kodata failed: open /var/run/ko/HEAD: no such file or directory"}
{"level":"info","ts":1568811639.6437392,"logger":"fallback-logger","caller":"bash/main.go:65","msg":"Successfully executed command \"mkdir -p /workspace/source /workspace/source/charts/bdd-gh-1568811057\""}

Showing logs for build [32mcb-kubecd-bdd-gh-1568811057-mas-1[0m stage [32mfrom-build-pack[0m and container [32mstep-place-tools[0m

Showing logs for build [32mcb-kubecd-bdd-gh-1568811057-mas-1[0m stage [32mfrom-build-pack[0m and container [32mstep-git-source-cb-kubecd-bdd-gh-1568811057-mas-rklxq[0m
{"level":"warn","ts":1568811646.745187,"logger":"fallback-logger","caller":"logging/config.go:69","msg":"Fetch GitHub commit ID from kodata failed: \"ref: refs/heads/master\" is not a valid GitHub commit ID"}
{"level":"info","ts":1568811647.7728133,"logger":"fallback-logger","caller":"git/git.go:102","msg":"Successfully cloned https://github.com/cb-kubecd/bdd-gh-1568811057.git @ v0.0.1 in path /workspace/source"}

Showing logs for build [32mcb-kubecd-bdd-gh-1568811057-mas-1[0m stage [32mfrom-build-pack[0m and container [32mstep-git-merge[0m
Using SHAs from PULL_REFS=master:4cfe07700a401bf0ef1bb849d2ee2eb92ddf5952
WARNING: no SHAs to merge, falling back to initial cloned commit

Showing logs for build [32mcb-kubecd-bdd-gh-1568811057-mas-1[0m stage [32mfrom-build-pack[0m and container [32mstep-setup-jx-git-credentials[0m
Generated Git credentials file /workspace/xdg_config/git/credentials

Showing logs for build [32mcb-kubecd-bdd-gh-1568811057-mas-1[0m stage [32mfrom-build-pack[0m and container [32mstep-build-make-build[0m
CGO_ENABLED=0 GO15VENDOREXPERIMENT=1 go build -ldflags '' -o bin/bdd-gh-1568811057 main.go

Showing logs for build [32mcb-kubecd-bdd-gh-1568811057-mas-1[0m stage [32mfrom-build-pack[0m and container [32mstep-build-container-build[0m
[36mINFO[0m[0000] No base image, nothing to extract            
[36mINFO[0m[0000] cmd: EXPOSE                                  
[36mINFO[0m[0000] Adding exposed port: 8080/tcp                
[36mINFO[0m[0000] Using files from context: [/workspace/source/bin] 
[36mINFO[0m[0000] Skipping unpacking as no commands require it. 
[36mINFO[0m[0000] Taking snapshot of full filesystem...        
[36mINFO[0m[0000] EXPOSE 8080                                  
[36mINFO[0m[0000] cmd: EXPOSE                                  
[36mINFO[0m[0000] Adding exposed port: 8080/tcp                
[36mINFO[0m[0000] No files changed in this command, skipping snapshotting. 
[36mINFO[0m[0000] ENTRYPOINT ["/bdd-gh-1568811057"]            
[36mINFO[0m[0000] No files changed in this command, skipping snapshotting. 
[36mINFO[0m[0000] Using files from context: [/workspace/source/bin] 
[36mINFO[0m[0000] COPY ./bin/ /                                
[36mINFO[0m[0000] Taking snapshot of files...                  
2019/09/18 13:01:00 pushed blob: sha256:62e6cd2528ba3c419e4bab3d9efb4bb8b7dfdfcb9c739ecd8e40f9b2faf07d28
2019/09/18 13:01:00 pushed blob: sha256:f9b6adb263c2950c93248143417a11c33340a592db21935dc2923f50d1356527
2019/09/18 13:01:02 gcr.io/jenkins-x-bdd3/bdd-gh-1568811057:0.0.1: digest: sha256:f065a7569d2cbeded233e5e012525404687c86e214bc495f255436cda3117c76 size: 428

Showing logs for build [32mcb-kubecd-bdd-gh-1568811057-mas-1[0m stage [32mfrom-build-pack[0m and container [32mstep-build-post-build[0m
no CVE provider running in the current ** namespace so skip adding image to be analysed

Showing logs for build [32mcb-kubecd-bdd-gh-1568811057-mas-1[0m stage [32mfrom-build-pack[0m and container [32mstep-promote-changelog[0m
Converted /workspace/source/charts/bdd-gh-1568811057 to an unshallow repository
no previous commit version found so change diff unavailable

Showing logs for build [32mcb-kubecd-bdd-gh-1568811057-mas-1[0m stage [32mfrom-build-pack[0m and container [32mstep-promote-helm-release[0m
WARNING: No $CHART_REPOSITORY defined so using the default value of: http://jenkins-x-chartmuseum:8080
Adding missing Helm repo: storage.googleapis.com https://storage.googleapis.com/chartmuseum.jenkins-x.io
Successfully added Helm repository storage.googleapis.com.
Adding missing Helm repo: jenkins-x-chartmuseum http://jenkins-x-chartmuseum:8080
Successfully added Helm repository jenkins-x-chartmuseum.
WARNING: No $CHART_REPOSITORY defined so using the default value of: http://jenkins-x-chartmuseum:8080
Uploading chart file bdd-gh-1568811057-0.0.1.tgz to http://jenkins-x-chartmuseum:8080/api/charts
Received 201 response: {"saved":true}

Showing logs for build [32mcb-kubecd-bdd-gh-1568811057-mas-1[0m stage [32mfrom-build-pack[0m and container [32mstep-promote-jx-promote[0m
WARNING: prow based install so skip waiting for the merge of Pull Requests to go green as currently there is an issue with gettingstatuses from the PR, see https://github.com/jenkins-x/**/issues/2410
Promoting app bdd-gh-1568811057 version 0.0.1 to namespace **-staging
Created Pull Request: https://github.com/cb-kubecd/environment-pr-5526-9-tekton-gkebdd-staging/pull/3
Pull Request https://github.com/cb-kubecd/environment-pr-5526-9-tekton-gkebdd-staging/pull/3 is merged at sha c3605e7e209a9c76243ca97763757296a7119250
Pull Request merged but we are not waiting for the update pipeline to complete!
WARNING: Could not find the service URL in namespace **-staging for names bdd-gh-1568811057, **-bdd-gh-1568811057, **-staging-bdd-gh-1568811057
